<?xml version="1.0" encoding="UTF-8"?>
<testsuite xmlns:xsi="http://www.w3.org/2001/XMLSchema-instance" xsi:noNamespaceSchemaLocation="https://maven.apache.org/surefire/maven-surefire-plugin/xsd/surefire-test-report.xsd" version="3.0.2" name="com.han.cafe.PasswordEncoderTest" time="0.259" tests="1" errors="0" skipped="0" failures="0">
  <properties>
[...]
</properties>
  <testcase name="encodePassword" classname="com.han.cafe.PasswordEncoderTest" time="0.239">
    <system-out><![CDATA[加密后的密码: $2a$10$JRXzrJX8Ogozhbf1lzbYk.9VV7uroqB9NNZxZE/mqEr8Nb87F1hqC
]]></system-out>
  </testcase>
</testsuite>